number,value,datetime_start,datetime_complete,duration,params_dropout_0,params_dropout_1,params_dropout_2,params_hidden_0,params_hidden_1,params_learning_rate,params_weight_decay,state
99,0.5575930981147024,2025-04-01 11:44:24.515492,2025-04-01 11:44:36.689584,0 days 00:00:12.174092,0.23919200058074253,0.23974218822141513,0.38888663343473756,429,256,0.006501685648415102,0.00013763901140122673,PRUNED
